TN:
SF:script/deployment/DeployXBTCAvalancheAnvil.s.sol
DA:11,0
FN:11,DeployXBTCAvalancheAnvil.createBTC
FNDA:0,DeployXBTCAvalancheAnvil.createBTC
DA:12,0
DA:13,0
DA:14,0
DA:15,0
DA:16,0
DA:19,0
FN:19,DeployXBTCAvalancheAnvil.setDeploymentConfig
FNDA:0,DeployXBTCAvalancheAnvil.setDeploymentConfig
DA:21,0
DA:22,0
DA:23,0
DA:24,0
DA:25,0
DA:26,0
DA:27,0
DA:28,0
FNF:2
FNH:0
LF:15
LH:0
BRF:0
BRH:0
end_of_record
TN:
SF:script/deployment/DeployXBTCAvalancheMainnet.s.sol
DA:8,0
FN:8,DeployXBTCAvalancheMainnet.setDeploymentConfig
FNDA:0,DeployXBTCAvalancheMainnet.setDeploymentConfig
DA:10,0
DA:11,0
DA:12,0
DA:13,0
DA:14,0
DA:15,0
DA:16,0
DA:17,0
DA:19,0
FNF:1
FNH:0
LF:10
LH:0
BRF:0
BRH:0
end_of_record
TN:
SF:script/deployment/DeployXBTCAvalancheTestnet.s.sol
DA:11,0
FN:11,DeployXBTCAvalancheTestnet.createBTC
FNDA:0,DeployXBTCAvalancheTestnet.createBTC
DA:12,0
DA:13,0
DA:14,0
DA:15,0
DA:16,0
DA:19,0
FN:19,DeployXBTCAvalancheTestnet.setDeploymentConfig
FNDA:0,DeployXBTCAvalancheTestnet.setDeploymentConfig
DA:21,0
DA:22,0
DA:23,0
DA:24,0
DA:25,0
DA:26,0
DA:27,0
DA:28,0
FNF:2
FNH:0
LF:15
LH:0
BRF:0
BRH:0
end_of_record
TN:
SF:script/deployment/DeployXUSDCAvalancheAnvil.s.sol
DA:10,0
FN:10,DeployXUSDCAvalancheAnvil.createUSDC
FNDA:0,DeployXUSDCAvalancheAnvil.createUSDC
DA:11,0
DA:12,0
DA:13,0
DA:14,0
DA:15,0
DA:18,0
FN:18,DeployXUSDCAvalancheAnvil.setDeploymentConfig
FNDA:0,DeployXUSDCAvalancheAnvil.setDeploymentConfig
DA:20,0
DA:21,0
DA:22,0
DA:23,0
DA:24,0
DA:25,0
DA:26,0
FNF:2
FNH:0
LF:14
LH:0
BRF:0
BRH:0
end_of_record
TN:
SF:script/deployment/common/Base.s.sol
DA:55,0
FN:55,BaseDeployment._convertAddressToString
FNDA:0,BaseDeployment._convertAddressToString
DA:56,0
DA:63,0
FN:63,BaseDeployment.validateDeploymentConfig
FNDA:0,BaseDeployment.validateDeploymentConfig
DA:64,0
BRDA:64,0,0,-
BRDA:64,0,1,-
DA:65,0
BRDA:65,1,0,-
BRDA:65,1,1,-
DA:66,0
BRDA:66,2,0,-
BRDA:66,2,1,-
DA:67,0
BRDA:67,3,0,-
BRDA:67,3,1,-
DA:68,0
BRDA:68,4,0,-
BRDA:68,4,1,-
DA:69,0
BRDA:69,5,0,-
BRDA:69,5,1,-
DA:70,0
BRDA:70,6,0,-
BRDA:70,6,1,-
DA:71,0
BRDA:71,7,0,-
BRDA:71,7,1,-
DA:75,0
DA:76,0
DA:77,0
DA:78,0
DA:79,0
DA:80,0
DA:81,0
DA:82,0
DA:88,0
FN:88,BaseDeployment.setupVault
FNDA:0,BaseDeployment.setupVault
DA:120,0
DA:122,0
BRDA:122,8,0,-
BRDA:122,8,1,-
DA:126,0
DA:132,0
DA:136,0
DA:137,0
DA:139,0
DA:140,0
DA:141,0
DA:143,0
BRDA:143,9,0,-
BRDA:143,9,1,-
DA:144,0
BRDA:144,10,0,-
BRDA:144,10,1,-
DA:145,0
BRDA:145,11,0,-
BRDA:145,11,1,-
DA:146,0
BRDA:146,12,0,-
BRDA:146,12,1,-
DA:149,0
DA:150,0
DA:151,0
DA:155,0
DA:156,0
DA:157,0
DA:161,0
DA:168,0
DA:169,0
DA:173,0
DA:174,0
DA:175,0
DA:176,0
DA:177,0
DA:178,0
DA:182,0
DA:183,0
DA:187,0
DA:188,0
DA:192,0
DA:193,0
DA:194,0
DA:195,0
DA:199,0
DA:200,0
DA:204,0
DA:206,0
DA:207,0
DA:208,0
DA:211,0
DA:214,0
DA:217,0
DA:220,0
DA:225,0
DA:228,0
DA:233,0
DA:238,0
DA:241,0
DA:244,0
DA:247,0
DA:251,0
BRDA:251,13,0,-
BRDA:251,13,1,-
DA:252,0
DA:254,0
DA:259,0
DA:265,0
DA:267,0
DA:268,0
DA:269,0
DA:270,0
DA:271,0
DA:272,0
DA:273,0
DA:274,0
DA:275,0
DA:276,0
DA:277,0
DA:278,0
DA:279,0
DA:280,0
DA:281,0
DA:282,0
DA:283,0
DA:284,0
DA:285,0
DA:286,0
DA:289,0
FN:289,BaseDeployment.run
FNDA:0,BaseDeployment.run
DA:290,0
DA:291,0
FNF:4
FNH:0
LF:101
LH:0
BRF:28
BRH:0
end_of_record
TN:
SF:script/deployment/common/BaseWithSharedConfig.s.sol
DA:57,0
FN:57,BaseWithSharedConfig.setVariableVaultFeeContract
FNDA:0,BaseWithSharedConfig.setVariableVaultFeeContract
DA:58,0
DA:61,0
FN:61,BaseWithSharedConfig._convertAddressToString
FNDA:0,BaseWithSharedConfig._convertAddressToString
DA:62,0
DA:69,0
FN:69,BaseWithSharedConfig.validateDeploymentConfig
FNDA:0,BaseWithSharedConfig.validateDeploymentConfig
DA:70,0
BRDA:70,0,0,-
BRDA:70,0,1,-
DA:71,0
BRDA:71,1,0,-
BRDA:71,1,1,-
DA:72,0
BRDA:72,2,0,-
BRDA:72,2,1,-
DA:73,0
BRDA:73,3,0,-
BRDA:73,3,1,-
DA:74,0
BRDA:74,4,0,-
BRDA:74,4,1,-
DA:75,0
BRDA:75,5,0,-
BRDA:75,5,1,-
DA:76,0
BRDA:76,6,0,-
BRDA:76,6,1,-
DA:77,0
BRDA:77,7,0,-
BRDA:77,7,1,-
DA:78,0
BRDA:78,8,0,-
BRDA:78,8,1,-
DA:82,0
DA:83,0
DA:84,0
DA:85,0
DA:86,0
DA:87,0
DA:88,0
DA:89,0
DA:90,0
DA:96,0
FN:96,BaseWithSharedConfig.run
FNDA:0,BaseWithSharedConfig.run
DA:128,0
DA:130,0
BRDA:130,9,0,-
BRDA:130,9,1,-
DA:134,0
DA:140,0
DA:144,0
DA:146,0
DA:148,0
DA:149,0
DA:150,0
DA:152,0
BRDA:152,10,0,-
BRDA:152,10,1,-
DA:153,0
BRDA:153,11,0,-
BRDA:153,11,1,-
DA:154,0
BRDA:154,12,0,-
BRDA:154,12,1,-
DA:155,0
BRDA:155,13,0,-
BRDA:155,13,1,-
DA:158,0
DA:159,0
DA:160,0
DA:163,0
DA:164,0
DA:167,0
DA:175,0
DA:177,0
DA:181,0
DA:182,0
DA:183,0
DA:184,0
DA:185,0
DA:186,0
DA:190,0
DA:191,0
DA:195,0
DA:196,0
DA:200,0
DA:201,0
DA:202,0
DA:203,0
DA:207,0
DA:208,0
DA:212,0
DA:214,0
DA:215,0
DA:216,0
DA:219,0
DA:222,0
DA:225,0
DA:228,0
DA:233,0
DA:236,0
DA:241,0
DA:246,0
DA:249,0
DA:252,0
DA:255,0
DA:259,0
BRDA:259,14,0,-
BRDA:259,14,1,-
DA:260,0
DA:262,0
DA:267,0
DA:273,0
DA:275,0
DA:276,0
DA:277,0
DA:278,0
DA:279,0
DA:280,0
DA:281,0
DA:282,0
DA:283,0
DA:284,0
DA:285,0
DA:286,0
DA:287,0
DA:288,0
DA:289,0
DA:290,0
DA:291,0
DA:292,0
DA:293,0
DA:294,0
FNF:4
FNH:0
LF:101
LH:0
BRF:30
BRH:0
end_of_record
TN:
SF:src/base/AuthUpgradeable.sol
DA:67,262
FN:67,AuthUpgradeable.requiresAuth
FNDA:262,AuthUpgradeable.requiresAuth
DA:68,262
BRDA:68,0,0,1
DA:69,1
DA:83,416
FN:83,AuthUpgradeable.setAuthority
FNDA:416,AuthUpgradeable.setAuthority
DA:84,416
DA:85,416
BRDA:85,1,0,1
DA:86,1
DA:88,415
DA:89,415
DA:97,1
FN:97,AuthUpgradeable.transferOwnership
FNDA:1,AuthUpgradeable.transferOwnership
DA:98,1
DA:99,1
DA:100,1
DA:113,8621
FN:113,AuthUpgradeable.isAuthorized
FNDA:8621,AuthUpgradeable.isAuthorized
DA:114,8621
DA:115,8621
DA:116,8621
DA:117,5207
DA:124,1
FN:124,AuthUpgradeable.owner
FNDA:1,AuthUpgradeable.owner
DA:125,1
DA:132,538
FN:132,AuthUpgradeable.authority
FNDA:538,AuthUpgradeable.authority
DA:133,538
DA:146,416
FN:146,AuthUpgradeable.__Auth_init
FNDA:416,AuthUpgradeable.__Auth_init
DA:147,416
DA:150,416
FN:150,AuthUpgradeable.__Auth_init_unchained
FNDA:416,AuthUpgradeable.__Auth_init_unchained
DA:151,416
DA:152,416
DA:153,416
DA:154,416
DA:155,416
DA:166,9993
FN:166,AuthUpgradeable._getAuthStorage
FNDA:9993,AuthUpgradeable._getAuthStorage
DA:168,0
FNF:9
FNH:9
LF:32
LH:31
BRF:2
BRH:2
end_of_record
TN:
SF:src/base/Compatible.sol
DA:30,0
FN:30,Compatible.receive
FNDA:0,Compatible.receive
DA:31,0
DA:47,0
FN:47,Compatible.onERC721Received
FNDA:0,Compatible.onERC721Received
DA:57,0
DA:70,0
FN:70,Compatible.onERC1155Received
FNDA:0,Compatible.onERC1155Received
DA:81,0
DA:94,0
FN:94,Compatible.onERC1155BatchReceived
FNDA:0,Compatible.onERC1155BatchReceived
DA:105,0
FNF:4
FNH:0
LF:8
LH:0
BRF:0
BRH:0
end_of_record
TN:
SF:src/base/FundMovementHelperUpgradeable.sol
DA:95,831
FN:95,FundMovementHelperUpgradeable.isRecipientWhitelisted
FNDA:831,FundMovementHelperUpgradeable.isRecipientWhitelisted
DA:96,831
DA:97,831
DA:108,416
FN:108,FundMovementHelperUpgradeable.__FundMovementHelper_init
FNDA:416,FundMovementHelperUpgradeable.__FundMovementHelper_init
DA:109,0
DA:116,416
FN:116,FundMovementHelperUpgradeable.__FundMovementHelper_init_unchained
FNDA:416,FundMovementHelperUpgradeable.__FundMovementHelper_init_unchained
DA:127,949
FN:127,FundMovementHelperUpgradeable._whitelistFundTransferRecipient
FNDA:949,FundMovementHelperUpgradeable._whitelistFundTransferRecipient
DA:128,949
DA:130,949
BRDA:130,0,0,1
DA:131,1
DA:134,948
BRDA:134,1,0,2
DA:135,2
DA:138,946
DA:139,946
DA:149,303
FN:149,FundMovementHelperUpgradeable._removeFunds
FNDA:303,FundMovementHelperUpgradeable._removeFunds
DA:150,303
BRDA:150,2,0,1
DA:151,1
DA:153,302
BRDA:153,3,0,5
DA:154,5
DA:157,297
DA:158,295
DA:169,1780
FN:169,FundMovementHelperUpgradeable._getFundMovementHelperStorage
FNDA:1780,FundMovementHelperUpgradeable._getFundMovementHelperStorage
DA:175,0
FNF:6
FNH:6
LF:23
LH:21
BRF:4
BRH:4
end_of_record
TN:
SF:src/base/VaultFeeUpgradeable.sol
DA:63,2678
FN:63,VaultFeeUpgradeable.setFeeContract
FNDA:2678,VaultFeeUpgradeable.setFeeContract
DA:64,2678
DA:65,2678
DA:66,2678
DA:67,2678
DA:78,22275
FN:78,VaultFeeUpgradeable.feeContract
FNDA:22275,VaultFeeUpgradeable.feeContract
DA:79,22275
DA:91,416
FN:91,VaultFeeUpgradeable.__VaultFeeUpgreadable_init
FNDA:416,VaultFeeUpgradeable.__VaultFeeUpgreadable_init
DA:92,416
DA:95,416
FN:95,VaultFeeUpgradeable.__VaultFeeUpgreadable_init_unchained
FNDA:416,VaultFeeUpgradeable.__VaultFeeUpgreadable_init_unchained
DA:99,416
DA:100,416
DA:101,416
DA:108,4846
FN:108,VaultFeeUpgradeable._getFeeRecipient
FNDA:4846,VaultFeeUpgradeable._getFeeRecipient
DA:109,4846
DA:110,4846
DA:122,12898
FN:122,VaultFeeUpgradeable._calculateFee
FNDA:12898,VaultFeeUpgradeable._calculateFee
DA:133,12898
DA:135,12898
BRDA:135,0,0,5
DA:136,5
DA:139,2439
BRDA:139,1,0,2439
BRDA:139,1,1,-
DA:140,2439
DA:142,10454
DA:152,2437
FN:152,VaultFeeUpgradeable._feeOnRawDeposit
FNDA:2437,VaultFeeUpgradeable._feeOnRawDeposit
DA:161,2437
DA:170,3
FN:170,VaultFeeUpgradeable._feeOnRawWithdrawal
FNDA:3,VaultFeeUpgradeable._feeOnRawWithdrawal
DA:179,3
DA:188,0
FN:188,VaultFeeUpgradeable._feeOnRawInstantWithdrawal
FNDA:0,VaultFeeUpgradeable._feeOnRawInstantWithdrawal
DA:197,0
DA:206,9836
FN:206,VaultFeeUpgradeable._feeOnTotalDeposit
FNDA:9836,VaultFeeUpgradeable._feeOnTotalDeposit
DA:215,9836
DA:224,327
FN:224,VaultFeeUpgradeable._feeOnTotalWithdrawal
FNDA:327,VaultFeeUpgradeable._feeOnTotalWithdrawal
DA:233,327
DA:242,7
FN:242,VaultFeeUpgradeable._feeOnTotalInstantWithdrawal
FNDA:7,VaultFeeUpgradeable._feeOnTotalInstantWithdrawal
DA:251,7
DA:252,7
DA:261,288
FN:261,VaultFeeUpgradeable._feeOnTotalFlashWithdrawal
FNDA:288,VaultFeeUpgradeable._feeOnTotalFlashWithdrawal
DA:270,288
DA:281,25369
FN:281,VaultFeeUpgradeable._getVaultFeeStorage
FNDA:25369,VaultFeeUpgradeable._getVaultFeeStorage
DA:283,0
FNF:14
FNH:13
LF:40
LH:37
BRF:3
BRH:2
end_of_record
TN:
SF:src/fees/VariableVaultFee.sol
DA:68,1802
FN:68,VariableVaultFee.registerAsset
FNDA:1802,VariableVaultFee.registerAsset
DA:69,1802
BRDA:69,0,0,1
DA:70,1
BRDA:70,1,0,1
DA:72,1800
DA:74,1800
DA:75,1797
DA:77,1797
DA:87,4
FN:87,VariableVaultFee.deregisterAsset
FNDA:4,VariableVaultFee.deregisterAsset
DA:88,4
BRDA:88,2,0,2
DA:89,2
DA:92,2
DA:95,2
DA:107,279
FN:107,VariableVaultFee.updateAssetFeeConfig
FNDA:279,VariableVaultFee.updateAssetFeeConfig
DA:108,279
BRDA:108,3,0,2
DA:109,2
DA:112,277
DA:114,275
DA:115,275
DA:117,275
DA:124,4841
FN:124,VariableVaultFee.getFeeRecipient
FNDA:4841,VariableVaultFee.getFeeRecipient
DA:125,4841
DA:126,4841
DA:141,2471
FN:141,VariableVaultFee.feeOnRaw
FNDA:2471,VariableVaultFee.feeOnRaw
DA:150,2471
BRDA:150,4,0,8
DA:151,8
DA:153,2463
BRDA:153,5,0,6
DA:155,2457
DA:156,2457
DA:170,10494
FN:170,VariableVaultFee.feeOnTotal
FNDA:10494,VariableVaultFee.feeOnTotal
DA:179,10494
BRDA:179,6,0,10
DA:180,10
DA:182,10484
BRDA:182,7,0,7
DA:184,10477
DA:185,10477
DA:199,2077
FN:199,VariableVaultFee._validateAssetConfig
FNDA:2077,VariableVaultFee._validateAssetConfig
DA:200,2077
BRDA:200,8,0,3
DA:202,2074
DA:204,2072
DA:206,2072
DA:210,2
BRDA:210,9,0,2
DA:211,2
DA:215,18050
FN:215,VariableVaultFee._getAssetConfig
FNDA:18050,VariableVaultFee._getAssetConfig
DA:216,18050
BRDA:216,10,0,-
DA:217,0
DA:219,18050
DA:229,12934
FN:229,VariableVaultFee._getFeeConfig
FNDA:12934,VariableVaultFee._getFeeConfig
DA:237,12934
DA:238,12934
BRDA:238,11,0,12277
DA:239,12277
DA:241,657
BRDA:241,12,0,343
DA:242,343
DA:244,314
BRDA:244,13,0,295
DA:245,295
DA:247,19
DA:259,2457
FN:259,VariableVaultFee._feeOnRaw
FNDA:2457,VariableVaultFee._feeOnRaw
DA:260,2457
BRDA:260,14,0,1922
DA:261,1922
DA:264,535
BRDA:264,15,0,4
DA:265,4
DA:268,531
DA:280,10477
FN:280,VariableVaultFee._feeOnTotal
FNDA:10477,VariableVaultFee._feeOnTotal
DA:288,10477
BRDA:288,16,0,7257
DA:289,7257
BRDA:289,17,0,7
DA:290,7250
DA:293,10477
BRDA:293,18,0,8
DA:294,8
DA:297,3212
FNF:11
FNH:11
LF:67
LH:66
BRF:19
BRH:18
end_of_record
TN:
SF:src/managers/FlashLoanExecutor.sol
DA:79,0
FN:79,FlashLoanExecutor.onlyVault
FNDA:0,FlashLoanExecutor.onlyVault
DA:80,0
BRDA:80,0,0,-
DA:81,0
DA:92,0
FN:92,FlashLoanExecutor.constructor
FNDA:0,FlashLoanExecutor.constructor
DA:93,0
BRDA:93,1,0,-
DA:94,0
DA:97,0
DA:98,0
DA:115,0
FN:115,FlashLoanExecutor.executeFlashLoan
FNDA:0,FlashLoanExecutor.executeFlashLoan
DA:125,0
BRDA:125,2,0,-
DA:126,0
DA:128,0
BRDA:128,3,0,-
DA:129,0
BRDA:129,4,0,-
DA:130,0
DA:133,0
DA:135,0
DA:143,0
DA:158,0
FN:158,FlashLoanExecutor.executeOperation
FNDA:0,FlashLoanExecutor.executeOperation
DA:168,0
BRDA:168,5,0,-
DA:169,0
DA:171,0
BRDA:171,6,0,-
DA:172,0
DA:175,0
DA:178,0
DA:181,0
DA:184,0
DA:185,0
DA:186,0
BRDA:186,7,0,-
DA:187,0
DA:191,0
DA:193,0
DA:202,0
FN:202,FlashLoanExecutor.updateStrategyWhitelist
FNDA:0,FlashLoanExecutor.updateStrategyWhitelist
DA:203,0
BRDA:203,8,0,-
DA:205,0
DA:206,0
DA:217,0
FN:217,FlashLoanExecutor.sweepTokens
FNDA:0,FlashLoanExecutor.sweepTokens
DA:218,0
BRDA:218,9,0,-
DA:219,0
BRDA:219,10,0,-
DA:221,0
DA:222,0
DA:230,0
FN:230,FlashLoanExecutor._lastPremium
FNDA:0,FlashLoanExecutor._lastPremium
DA:231,0
DA:232,0
FNF:7
FNH:0
LF:43
LH:0
BRF:11
BRH:0
end_of_record
TN:
SF:src/managers/VaultFundManager.sol
DA:212,16
FN:212,VaultFundManager.onlyVault
FNDA:16,VaultFundManager.onlyVault
DA:213,16
BRDA:213,0,0,1
DA:214,1
DA:225,292
FN:225,VaultFundManager.isWhitelisted
FNDA:292,VaultFundManager.isWhitelisted
DA:226,292
BRDA:226,1,0,7
DA:227,7
DA:241,126
FN:241,VaultFundManager.constructor
FNDA:126,VaultFundManager.constructor
DA:242,126
BRDA:242,2,0,1
DA:243,1
DA:246,125
DA:247,125
DA:262,327
FN:262,VaultFundManager.updateUserOperatorWhitelist
FNDA:327,VaultFundManager.updateUserOperatorWhitelist
DA:270,327
BRDA:270,3,0,2
DA:271,2
DA:274,325
DA:275,325
DA:300,31
FN:300,VaultFundManager.removeFundsFromVault
FNDA:31,VaultFundManager.removeFundsFromVault
DA:308,31
BRDA:308,4,0,1
DA:309,30
BRDA:309,5,0,1
DA:311,29
DA:312,29
BRDA:312,6,0,1
DA:314,28
DA:315,28
DA:316,28
DA:319,28
DA:320,27
DA:321,27
DA:324,26
BRDA:324,7,0,-
DA:325,0
DA:329,26
BRDA:329,8,0,-
DA:330,0
DA:333,26
DA:352,2
FN:352,VaultFundManager.updateUnderlyingBalance
FNDA:2,VaultFundManager.updateUnderlyingBalance
DA:360,2
DA:361,2
BRDA:361,9,0,1
DA:362,1
DA:365,1
DA:367,1
DA:399,22
FN:399,VaultFundManager.addFundsAndFulfillRedeem
FNDA:22,VaultFundManager.addFundsAndFulfillRedeem
DA:408,22
BRDA:408,10,0,1
DA:409,21
BRDA:409,11,0,2
DA:411,19
DA:412,19
BRDA:412,12,0,1
DA:414,18
DA:415,18
BRDA:415,13,0,1
DA:416,1
DA:420,17
DA:423,17
DA:426,13
DA:427,13
DA:429,13
DA:459,292
FN:459,VaultFundManager.flashRedeem
FNDA:292,VaultFundManager.flashRedeem
DA:468,285
DA:469,285
DA:471,280
DA:473,285
BRDA:473,14,0,-
DA:475,285
DA:476,285
BRDA:476,15,0,3
DA:478,282
DA:479,282
BRDA:479,16,0,1
DA:482,281
DA:490,281
DA:491,281
DA:492,1
BRDA:492,17,0,1
DA:493,1
DA:497,280
DA:500,280
DA:510,275
DA:511,275
DA:513,275
DA:517,275
DA:518,275
DA:543,14
FN:543,VaultFundManager.removeFunds
FNDA:14,VaultFundManager.removeFunds
DA:544,14
BRDA:544,18,0,1
DA:545,13
BRDA:545,19,0,1
DA:547,12
DA:548,12
BRDA:548,20,0,1
DA:550,11
DA:551,11
DA:577,15
FN:577,VaultFundManager.removeFundsNative
FNDA:15,VaultFundManager.removeFundsNative
DA:578,15
BRDA:578,21,0,1
DA:579,14
BRDA:579,22,0,1
DA:581,13
DA:582,13
BRDA:582,23,0,1
DA:584,12
DA:585,12
BRDA:585,24,0,1
DA:587,11
DA:598,0
FN:598,VaultFundManager.getContractAssetBalance
FNDA:0,VaultFundManager.getContractAssetBalance
DA:599,0
DA:606,0
FN:606,VaultFundManager.getAggregatedUnderlyingBalances
FNDA:0,VaultFundManager.getAggregatedUnderlyingBalances
DA:607,0
DA:614,0
FN:614,VaultFundManager.getTotalAssets
FNDA:0,VaultFundManager.getTotalAssets
DA:615,0
DA:629,550
FN:629,VaultFundManager._calculatePercentageChange
FNDA:550,VaultFundManager._calculatePercentageChange
DA:637,550
BRDA:637,25,0,-
DA:638,0
DA:640,550
DA:641,550
DA:649,556
FN:649,VaultFundManager._captureCurrentStateInformation
FNDA:556,VaultFundManager._captureCurrentStateInformation
DA:654,556
DA:657,556
DA:658,556
DA:660,556
DA:661,556
DA:662,556
DA:663,556
DA:664,0
DA:683,275
FN:683,VaultFundManager._validateStateChanges
FNDA:275,VaultFundManager._validateStateChanges
DA:694,275
DA:696,0
BRDA:696,26,0,-
DA:697,0
DA:701,275
DA:703,0
BRDA:703,27,0,-
DA:704,0
DA:707,275
BRDA:707,28,0,-
DA:708,0
DA:711,275
BRDA:711,29,0,-
DA:712,0
DA:717,275
BRDA:717,30,0,-
DA:718,0
DA:722,275
DA:723,275
DA:724,0
BRDA:724,31,0,-
DA:725,0
FNF:16
FNH:13
LF:124
LH:105
BRF:32
BRH:22
end_of_record
TN:
SF:src/migrator/MultipliMigrator.sol
DA:65,525
FN:65,MultipliMigrator.isAllowed
FNDA:525,MultipliMigrator.isAllowed
DA:66,525
BRDA:66,0,0,1
DA:67,1
DA:76,33
FN:76,MultipliMigrator.constructor
FNDA:33,MultipliMigrator.constructor
DA:77,33
BRDA:77,1,0,-
DA:78,0
DA:81,33
DA:88,293
FN:88,MultipliMigrator.updateAllowList
FNDA:293,MultipliMigrator.updateAllowList
DA:89,293
BRDA:89,2,0,1
DA:90,1
DA:93,292
BRDA:93,3,0,161
DA:94,161
DA:95,161
DA:99,269
FN:99,MultipliMigrator.adminMintSingle
FNDA:269,MultipliMigrator.adminMintSingle
DA:109,269
BRDA:109,4,0,1
DA:110,268
BRDA:110,5,0,1
DA:111,1
BRDA:111,6,0,1
DA:114,266
DA:115,266
BRDA:115,7,0,1
DA:116,1
DA:118,265
DA:121,265
DA:124,265
DA:125,265
DA:126,265
DA:128,264
DA:132,524
FN:132,MultipliMigrator.adminMintBatch
FNDA:524,MultipliMigrator.adminMintBatch
DA:142,524
DA:143,524
BRDA:143,8,0,2
DA:144,2
DA:147,522
DA:148,3
BRDA:148,9,0,3
DA:149,3
DA:152,519
DA:153,519
DA:154,519
DA:157,519
DA:158,1350
DA:159,1350
BRDA:159,10,0,256
DA:161,1094
DA:162,1094
BRDA:162,11,0,1
DA:164,1093
DA:165,1
BRDA:165,12,0,1
DA:168,1092
DA:169,1092
DA:170,1092
BRDA:170,13,0,1
DA:171,1
DA:173,1091
DA:174,1091
DA:175,1091
DA:179,260
DA:180,1089
DA:181,1089
DA:185,260
DA:186,260
DA:187,260
FNF:5
FNH:5
LF:56
LH:55
BRF:14
BRH:13
end_of_record
TN:
SF:src/vault/MultipliVault.sol
DA:153,501
FN:153,MultipliVault.constructor
FNDA:501,MultipliVault.constructor
DA:154,0
DA:168,416
FN:168,MultipliVault.initialize
FNDA:416,MultipliVault.initialize
DA:177,416
DA:188,462
FN:188,MultipliVault.manage.0
FNDA:462,MultipliVault.manage.0
DA:197,462
DA:198,462
BRDA:198,0,0,4
DA:199,4
DA:202,458
DA:213,5
FN:213,MultipliVault.manage.1
FNDA:5,MultipliVault.manage.1
DA:222,5
DA:223,5
BRDA:223,1,0,3
DA:224,3
DA:226,2
DA:227,2
DA:228,3
DA:229,3
BRDA:229,2,0,1
DA:230,1
DA:232,2
DA:240,11
FN:240,MultipliVault.pause
FNDA:11,MultipliVault.pause
DA:241,0
DA:248,262
FN:248,MultipliVault.unpause
FNDA:262,MultipliVault.unpause
DA:249,0
DA:258,949
FN:258,MultipliVault.whitelistFundTransferRecipient
FNDA:949,MultipliVault.whitelistFundTransferRecipient
DA:259,949
DA:268,303
FN:268,MultipliVault.removeFunds
FNDA:303,MultipliVault.removeFunds
DA:269,303
DA:280,312
FN:280,MultipliVault.requestRedeem
FNDA:312,MultipliVault.requestRedeem
DA:290,312
DA:301,18
FN:301,MultipliVault.requestInstantRedeem
FNDA:18,MultipliVault.requestInstantRedeem
DA:312,18
DA:322,36
FN:322,MultipliVault.fulfillRedeem
FNDA:36,MultipliVault.fulfillRedeem
DA:330,36
DA:340,1
FN:340,MultipliVault.fulfillInstantRedeem
FNDA:1,MultipliVault.fulfillInstantRedeem
DA:348,1
DA:361,282
FN:361,MultipliVault.flashRedeem
FNDA:282,MultipliVault.flashRedeem
DA:375,282
BRDA:375,3,0,1
DA:376,281
BRDA:376,4,0,1
DA:377,280
BRDA:377,5,0,2
DA:379,278
DA:381,278
DA:382,278
DA:385,278
DA:386,278
BRDA:386,6,0,1
DA:388,277
DA:389,277
DA:392,277
DA:395,277
DA:397,277
BRDA:397,7,0,274
DA:398,274
DA:401,277
DA:406,277
DA:407,277
BRDA:407,8,0,1
DA:408,1
DA:413,276
DA:417,276
BRDA:417,9,0,-
DA:418,0
DA:422,276
DA:423,276
BRDA:423,10,0,-
DA:424,0
DA:428,276
DA:438,7
FN:438,MultipliVault.cancelRedeem
FNDA:7,MultipliVault.cancelRedeem
DA:446,7
DA:447,7
DA:449,7
BRDA:449,11,0,2
DA:450,2
DA:452,5
BRDA:452,12,0,1
DA:453,1
DA:456,4
DA:457,4
DA:458,4
DA:460,4
DA:462,4
DA:479,1686
FN:479,MultipliVault.onUnderlyingBalanceUpdate
FNDA:1686,MultipliVault.onUnderlyingBalanceUpdate
DA:480,1686
DA:483,1686
BRDA:483,13,0,3
DA:484,3
DA:487,1683
DA:488,1683
DA:492,1683
DA:494,1683
DA:497,1683
BRDA:497,14,0,-
DA:498,0
DA:501,1683
DA:502,1683
DA:510,2678
FN:510,MultipliVault.setFeeContract
FNDA:2678,MultipliVault.setFeeContract
DA:511,2678
DA:519,2
FN:519,MultipliVault.updateMaxPercentageChange
FNDA:2,MultipliVault.updateMaxPercentageChange
DA:520,2
BRDA:520,15,0,1
DA:521,1
DA:524,1
DA:526,1
DA:527,1
DA:535,10
FN:535,MultipliVault.updateMinDepositAmount
FNDA:10,MultipliVault.updateMinDepositAmount
DA:536,10
DA:537,10
DA:538,10
DA:548,2635
FN:548,MultipliVault.deposit.0
FNDA:2635,MultipliVault.deposit.0
DA:558,2635
DA:559,2635
BRDA:559,16,0,-
DA:560,0
DA:563,2635
DA:564,2635
DA:566,2635
BRDA:566,17,0,2
DA:567,2
DA:570,2633
DA:571,2633
DA:573,0
DA:588,535
FN:588,MultipliVault.deposit.1
FNDA:535,MultipliVault.deposit.1
DA:597,535
DA:598,534
BRDA:598,18,0,259
DA:599,259
DA:601,275
DA:610,1613
FN:610,MultipliVault.adminMint
FNDA:1613,MultipliVault.adminMint
DA:611,1613
DA:620,261
FN:620,MultipliVault.adminBurn
FNDA:261,MultipliVault.adminBurn
DA:621,261
DA:631,1386
FN:631,MultipliVault.mint.0
FNDA:1386,MultipliVault.mint.0
DA:641,1386
DA:642,1386
BRDA:642,19,0,-
DA:643,0
DA:645,1386
DA:647,1384
DA:648,1384
DA:650,1384
BRDA:650,20,0,2
DA:651,2
DA:654,1382
DA:656,0
DA:671,788
FN:671,MultipliVault.mint.1
FNDA:788,MultipliVault.mint.1
DA:680,788
DA:681,787
BRDA:681,21,0,261
DA:682,261
DA:684,526
DA:691,1
FN:691,MultipliVault.withdraw
FNDA:1,MultipliVault.withdraw
DA:692,1
DA:699,1
FN:699,MultipliVault.redeem
FNDA:1,MultipliVault.redeem
DA:700,1
DA:711,536
FN:711,MultipliVault.getFeeRecipient
FNDA:536,MultipliVault.getFeeRecipient
DA:712,536
DA:721,305
FN:721,MultipliVault.pendingRedeemRequest
FNDA:305,MultipliVault.pendingRedeemRequest
DA:726,305
DA:727,305
DA:734,2191
FN:734,MultipliVault.aggregatedUnderlyingBalances
FNDA:2191,MultipliVault.aggregatedUnderlyingBalances
DA:735,2191
DA:742,1
FN:742,MultipliVault.lastBlockUpdated
FNDA:1,MultipliVault.lastBlockUpdated
DA:743,1
DA:750,566
FN:750,MultipliVault.lastPricePerShare
FNDA:566,MultipliVault.lastPricePerShare
DA:751,566
DA:758,11
FN:758,MultipliVault.totalPendingAssets
FNDA:11,MultipliVault.totalPendingAssets
DA:759,11
DA:766,2
FN:766,MultipliVault.maxPercentageChange
FNDA:2,MultipliVault.maxPercentageChange
DA:767,2
DA:774,5
FN:774,MultipliVault.minDepositAmount
FNDA:5,MultipliVault.minDepositAmount
DA:775,5
DA:782,13169
FN:782,MultipliVault.totalAssets
FNDA:13169,MultipliVault.totalAssets
DA:783,13169
DA:784,13169
DA:792,5830
FN:792,MultipliVault.previewDeposit
FNDA:5830,MultipliVault.previewDeposit
DA:793,5830
DA:794,5830
DA:802,2437
FN:802,MultipliVault.previewMint
FNDA:2437,MultipliVault.previewMint
DA:803,2437
DA:804,2437
DA:812,3
FN:812,MultipliVault.previewWithdraw
FNDA:3,MultipliVault.previewWithdraw
DA:813,3
DA:814,3
DA:822,300
FN:822,MultipliVault.previewRedeem
FNDA:300,MultipliVault.previewRedeem
DA:823,300
DA:824,300
DA:832,6
FN:832,MultipliVault.previewInstantRedeem
FNDA:6,MultipliVault.previewInstantRedeem
DA:833,6
DA:834,6
DA:842,10
FN:842,MultipliVault.previewFlashRedeem
FNDA:10,MultipliVault.previewFlashRedeem
DA:843,10
DA:844,10
DA:859,416
FN:859,MultipliVault.__MultipliVault_init
FNDA:416,MultipliVault.__MultipliVault_init
DA:868,416
DA:869,416
DA:870,416
DA:871,0
DA:872,416
DA:873,0
DA:874,0
DA:875,0
DA:884,416
FN:884,MultipliVault.__MultipliVault_init_unchained
FNDA:416,MultipliVault.__MultipliVault_init_unchained
DA:885,416
DA:886,416
DA:897,4006
FN:897,MultipliVault._deposit
FNDA:4006,MultipliVault._deposit
DA:906,4006
DA:907,4006
DA:909,4006
DA:911,4006
DA:913,4005
BRDA:913,22,0,1341
DA:914,1341
DA:922,6781
FN:922,MultipliVault._update
FNDA:6781,MultipliVault._update
DA:923,6781
DA:932,330
FN:932,MultipliVault._processRedeemRequest
FNDA:330,MultipliVault._processRedeemRequest
DA:933,330
BRDA:933,23,0,3
DA:934,327
BRDA:934,24,0,4
DA:935,323
BRDA:935,25,0,3
DA:937,320
DA:940,320
DA:945,320
DA:947,320
DA:948,320
DA:949,320
DA:954,320
DA:965,320
FN:965,MultipliVault._emitRedeemRequestEvent
FNDA:320,MultipliVault._emitRedeemRequestEvent
DA:974,320
BRDA:974,26,0,306
BRDA:974,26,1,-
DA:975,306
DA:976,14
BRDA:976,27,0,14
BRDA:976,27,1,-
DA:977,14
DA:979,0
DA:990,28
FN:990,MultipliVault._emitFulfillmentEvent
FNDA:28,MultipliVault._emitFulfillmentEvent
DA:998,28
BRDA:998,28,0,27
BRDA:998,28,1,-
DA:999,27
DA:1000,1
BRDA:1000,29,0,1
BRDA:1000,29,1,-
DA:1001,1
DA:1003,0
DA:1012,37
FN:1012,MultipliVault._processFulfillment
FNDA:37,MultipliVault._processFulfillment
DA:1013,37
DA:1015,37
DA:1016,37
BRDA:1016,30,0,6
DA:1017,6
DA:1019,31
BRDA:1019,31,0,3
DA:1020,3
DA:1023,28
DA:1024,28
DA:1025,28
DA:1028,28
DA:1033,28
DA:1044,28
FN:1044,MultipliVault._executeWithdrawal
FNDA:28,MultipliVault._executeWithdrawal
DA:1052,28
DA:1053,28
DA:1056,28
BRDA:1056,32,0,27
BRDA:1056,32,1,-
DA:1057,27
DA:1058,1
BRDA:1058,33,0,1
BRDA:1058,33,1,-
DA:1059,1
DA:1061,0
DA:1064,27
DA:1065,27
DA:1068,27
DA:1071,26
BRDA:1071,34,0,26
DA:1072,26
DA:1082,3
FN:1082,MultipliVault._authorizeUpgrade
FNDA:3,MultipliVault._authorizeUpgrade
DA:1095,1683
FN:1095,MultipliVault._calculatePercentageChange
FNDA:1683,MultipliVault._calculatePercentageChange
DA:1103,1683
BRDA:1103,35,0,1118
DA:1104,1118
DA:1106,565
DA:1107,565
DA:1115,22746
FN:1115,MultipliVault._getMultipliVaultStorage
FNDA:22746,MultipliVault._getMultipliVaultStorage
DA:1117,0
FNF:53
FNH:53
LF:252
LH:234
BRF:42
BRH:31
end_of_record
TN:
SF:test/BaseNetworkTokenConfig.t.sol
DA:19,1347
FN:19,BaseNetworkTokenConfig._getEnvOrDefault
FNDA:1347,BaseNetworkTokenConfig._getEnvOrDefault
DA:20,1347
BRDA:20,0,0,1347
DA:21,0
DA:22,1347
BRDA:22,0,1,1347
DA:23,1347
DA:27,10349
FN:27,BaseNetworkTokenConfig.getQuantizedValue
FNDA:10349,BaseNetworkTokenConfig.getQuantizedValue
DA:28,10349
DA:31,449
FN:31,BaseNetworkTokenConfig.setTokenNetworkConfig
FNDA:449,BaseNetworkTokenConfig.setTokenNetworkConfig
DA:32,449
DA:33,449
DA:34,449
DA:37,449
DA:38,449
DA:39,449
DA:41,449
DA:46,449
FN:46,BaseNetworkTokenConfig._parseNetwork
FNDA:449,BaseNetworkTokenConfig._parseNetwork
DA:47,449
BRDA:47,1,0,-
DA:48,449
BRDA:48,2,0,-
DA:49,449
BRDA:49,3,0,449
DA:50,0
DA:53,449
FN:53,BaseNetworkTokenConfig._parseEnv
FNDA:449,BaseNetworkTokenConfig._parseEnv
DA:54,449
BRDA:54,4,0,449
DA:55,0
BRDA:55,5,0,-
DA:56,0
DA:59,449
FN:59,BaseNetworkTokenConfig._parseToken
FNDA:449,BaseNetworkTokenConfig._parseToken
DA:60,449
BRDA:60,6,0,449
DA:61,0
BRDA:61,7,0,-
DA:62,0
BRDA:62,8,0,-
DA:63,0
DA:66,2245
FN:66,BaseNetworkTokenConfig._eq
FNDA:2245,BaseNetworkTokenConfig._eq
DA:67,2245
FNF:7
FNH:7
LF:31
LH:24
BRF:10
BRH:5
end_of_record
TN:
SF:test/mocks/MockERC20.sol
DA:8,38
FN:8,MockERC20.constructor
FNDA:38,MockERC20.constructor
DA:9,38
DA:12,0
FN:12,MockERC20.mint
FNDA:0,MockERC20.mint
DA:13,0
DA:16,1
FN:16,MockERC20.decimals
FNDA:1,MockERC20.decimals
DA:17,1
FNF:3
FNH:2
LF:6
LH:4
BRF:0
BRH:0
end_of_record
TN:
SF:test/mocks/MockMultipliVaultV2.sol
DA:11,2
FN:11,MockMultipliVaultV2.newMethod
FNDA:2,MockMultipliVaultV2.newMethod
DA:12,2
DA:15,0
FN:15,MockMultipliVaultV2.setNewVariable
FNDA:0,MockMultipliVaultV2.setNewVariable
DA:16,0
FNF:2
FNH:1
LF:4
LH:2
BRF:0
BRH:0
end_of_record
TN:
SF:test/mocks/MockOperator.sol
DA:25,60
FN:25,_BaseMockOperator.mint
FNDA:60,_BaseMockOperator.mint
DA:26,60
BRDA:26,0,0,-
BRDA:26,0,1,-
DA:29,60
DA:30,60
DA:32,60
BRDA:32,1,0,49
DA:34,49
DA:38,60
DA:41,58
FN:41,_BaseMockOperator.setVault
FNDA:58,_BaseMockOperator.setVault
DA:42,58
DA:48,20
FN:48,MockOperator.onRedemptionFlashLoan.0
FNDA:20,MockOperator.onRedemptionFlashLoan.0
DA:56,20
BRDA:56,2,0,-
DA:57,0
DA:61,20
DA:68,0
FN:68,MockMaliciousOperator.onRedemptionFlashLoan.1
FNDA:0,MockMaliciousOperator.onRedemptionFlashLoan.1
FNF:4
FNH:3
LF:14
LH:12
BRF:4
BRH:1
end_of_record
TN:
SF:test/mocks/MockTarget.sol
DA:7,3
FN:7,MockTarget.someFunction
FNDA:3,MockTarget.someFunction
DA:8,3
FNF:1
FNH:1
LF:2
LH:2
BRF:0
BRH:0
end_of_record
TN:
SF:test/mocks/ZeroFeeRecipient.sol
DA:7,4
FN:7,ZeroFeeRecipient.getFeeRecipient
FNDA:4,ZeroFeeRecipient.getFeeRecipient
DA:8,4
DA:11,0
FN:11,ZeroFeeRecipient.feeOnRaw
FNDA:0,ZeroFeeRecipient.feeOnRaw
DA:21,0
DA:24,4
FN:24,ZeroFeeRecipient.feeOnTotal
FNDA:4,ZeroFeeRecipient.feeOnTotal
DA:34,4
FNF:3
FNH:2
LF:6
LH:4
BRF:0
BRH:0
end_of_record
TN:
SF:test/unit/deployment/TestContractSizeProfiling.t.sol
DA:153,0
FN:153,MinimalERC4626.initialize.0
FNDA:0,MinimalERC4626.initialize.0
DA:154,0
DA:159,0
FN:159,MinimalPausable.initialize.1
FNDA:0,MinimalPausable.initialize.1
DA:160,0
DA:165,0
FN:165,MinimalAuth.initialize.2
FNDA:0,MinimalAuth.initialize.2
DA:166,0
DA:171,0
FN:171,MinimalVaultFee.initialize.3
FNDA:0,MinimalVaultFee.initialize.3
DA:172,0
DA:177,0
FN:177,MinimalFundMovement.initialize.4
FNDA:0,MinimalFundMovement.initialize.4
DA:178,0
FNF:5
FNH:0
LF:10
LH:0
BRF:0
BRH:0
end_of_record
TN:
SF:test/unit/fees/Base.t.sol
DA:21,35
FN:21,FeeBase.setUp
FNDA:35,FeeBase.setUp
DA:22,0
DA:23,35
DA:24,35
DA:25,35
DA:26,35
DA:27,35
DA:29,35
FNF:1
FNH:1
LF:8
LH:7
BRF:0
BRH:0
end_of_record
TN:
SF:test/unit/managers/TestRemoveFundsNative.t.sol
DA:340,1
FN:340,RejectingReceiver.receive
FNDA:1,RejectingReceiver.receive
DA:341,1
FNF:1
FNH:1
LF:2
LH:2
BRF:0
BRH:0
end_of_record
TN:
SF:test/unit/managers/VaultFundManagerBase.t.sol
DA:49,75
FN:49,VaultFundManagerBase.setUp
FNDA:75,VaultFundManagerBase.setUp
DA:50,0
DA:51,75
DA:52,75
DA:53,75
DA:57,75
DA:60,75
BRDA:60,0,0,-
BRDA:60,0,1,-
DA:61,0
DA:63,75
DA:68,75
DA:71,75
DA:74,75
DA:75,75
DA:76,75
DA:79,75
DA:80,75
DA:82,75
DA:83,0
DA:86,75
DA:87,75
DA:90,0
DA:92,75
DA:98,150
FN:98,VaultFundManagerBase.approveProtocol
FNDA:150,VaultFundManagerBase.approveProtocol
DA:99,150
DA:100,150
DA:101,150
DA:105,150
FN:105,VaultFundManagerBase.createUser
FNDA:150,VaultFundManagerBase.createUser
DA:106,150
DA:107,150
DA:108,150
DA:109,150
DA:110,150
DA:114,75
FN:114,VaultFundManagerBase.deployVaultAndFundManager
FNDA:75,VaultFundManagerBase.deployVaultAndFundManager
DA:115,75
DA:117,75
DA:118,75
DA:120,75
DA:121,75
DA:124,75
DA:125,75
DA:135,75
DA:138,75
DA:139,75
DA:142,75
DA:145,75
DA:148,75
DA:149,75
DA:152,75
DA:154,75
DA:155,75
DA:156,75
DA:157,75
DA:161,75
FN:161,VaultFundManagerBase.setupFundManagerPermissions
FNDA:75,VaultFundManagerBase.setupFundManagerPermissions
DA:162,75
DA:164,75
DA:165,75
DA:166,75
DA:169,75
DA:172,75
DA:173,75
DA:176,75
DA:181,75
DA:184,75
DA:185,75
DA:187,75
DA:191,15
FN:191,VaultFundManagerBase.createRedemptionRequest
FNDA:15,VaultFundManagerBase.createRedemptionRequest
DA:192,15
DA:193,15
DA:197,0
FN:197,VaultFundManagerBase.callViaManage
FNDA:0,VaultFundManagerBase.callViaManage
DA:198,0
DA:199,0
DA:203,0
FN:203,VaultFundManagerBase.moveAssetsFromVault
FNDA:0,VaultFundManagerBase.moveAssetsFromVault
DA:204,0
DA:205,0
DA:207,0
DA:211,0
DA:215,4
FN:215,VaultFundManagerBase.updateUnderlyingBalance
FNDA:4,VaultFundManagerBase.updateUnderlyingBalance
DA:216,4
DA:217,4
DA:221,51
FN:221,VaultFundManagerBase.depositForUser
FNDA:51,VaultFundManagerBase.depositForUser
DA:222,51
DA:223,51
DA:226,2
FN:226,VaultFundManagerBase.unpauseVault
FNDA:2,VaultFundManagerBase.unpauseVault
DA:227,2
DA:228,2
FNF:11
FNH:9
LF:85
LH:73
BRF:2
BRH:0
end_of_record
TN:
SF:test/unit/migrator/Base.t.sol
DA:43,33
FN:43,MigratorBaseTest.setUp
FNDA:33,MigratorBaseTest.setUp
DA:44,0
DA:46,33
DA:49,33
DA:52,33
BRDA:52,0,0,-
BRDA:52,0,1,-
DA:53,0
DA:55,33
DA:58,33
DA:61,33
DA:64,33
DA:65,33
DA:66,33
DA:68,0
DA:69,0
DA:72,33
DA:73,33
DA:76,33
DA:78,33
DA:83,125
FN:83,MigratorBaseTest.approveProtocol
FNDA:125,MigratorBaseTest.approveProtocol
DA:84,125
DA:85,125
DA:86,125
DA:89,99
FN:89,MigratorBaseTest.createUser
FNDA:99,MigratorBaseTest.createUser
DA:90,99
DA:91,99
DA:92,99
DA:93,99
DA:94,99
DA:95,99
DA:98,33
FN:98,MigratorBaseTest.deployVault
FNDA:33,MigratorBaseTest.deployVault
DA:99,33
DA:107,33
DA:108,33
DA:110,33
DA:111,33
DA:112,33
DA:122,33
DA:124,33
DA:125,33
DA:127,33
DA:129,33
DA:132,33
FN:132,MigratorBaseTest.deployMigrator
FNDA:33,MigratorBaseTest.deployMigrator
DA:133,33
DA:136,33
DA:137,33
DA:142,33
DA:148,33
DA:152,0
FN:152,MigratorBaseTest.setupVaultWithUnderlyingBalance
FNDA:0,MigratorBaseTest.setupVaultWithUnderlyingBalance
DA:153,0
DA:154,0
DA:155,0
DA:159,26
FN:159,MigratorBaseTest.addToAllowList
FNDA:26,MigratorBaseTest.addToAllowList
DA:160,26
DA:161,26
DA:162,26
DA:166,0
FN:166,MigratorBaseTest.removeFromAllowList
FNDA:0,MigratorBaseTest.removeFromAllowList
DA:167,0
DA:168,0
DA:169,0
DA:173,0
FN:173,MigratorBaseTest.moveAssetsFromVault
FNDA:0,MigratorBaseTest.moveAssetsFromVault
DA:174,0
DA:175,0
DA:177,0
DA:180,0
DA:181,0
DA:184,0
FN:184,MigratorBaseTest.updateUnderlyingBalance
FNDA:0,MigratorBaseTest.updateUnderlyingBalance
DA:185,0
DA:186,0
DA:187,0
DA:190,0
FN:190,MigratorBaseTest.unpauseVault
FNDA:0,MigratorBaseTest.unpauseVault
DA:191,0
DA:192,0
DA:193,0
FNF:11
FNH:6
LF:73
LH:47
BRF:2
BRH:0
end_of_record
TN:
SF:test/unit/script/Base.t.sol
DA:19,0
FN:19,BrokenAssetScript.constructor.0
FNDA:0,BrokenAssetScript.constructor.0
DA:20,0
DA:21,0
DA:22,0
DA:23,0
DA:26,0
FN:26,BrokenAssetScript.setDeploymentConfig.0
FNDA:0,BrokenAssetScript.setDeploymentConfig.0
DA:27,0
DA:28,0
DA:29,0
DA:34,0
FN:34,ZeroDepositScript.constructor.1
FNDA:0,ZeroDepositScript.constructor.1
DA:35,0
DA:36,0
DA:37,0
DA:38,0
DA:41,0
FN:41,ZeroDepositScript.setDeploymentConfig.1
FNDA:0,ZeroDepositScript.setDeploymentConfig.1
DA:42,0
DA:43,0
DA:44,0
DA:49,0
FN:49,EmptyNameScript.constructor.2
FNDA:0,EmptyNameScript.constructor.2
DA:50,0
DA:51,0
DA:54,0
FN:54,EmptyNameScript.setDeploymentConfig.2
FNDA:0,EmptyNameScript.setDeploymentConfig.2
DA:55,0
DA:56,0
DA:57,0
DA:58,0
DA:59,0
DA:64,0
FN:64,EmptySymbolScript.constructor.3
FNDA:0,EmptySymbolScript.constructor.3
DA:65,0
DA:66,0
DA:67,0
DA:70,0
FN:70,EmptySymbolScript.setDeploymentConfig.3
FNDA:0,EmptySymbolScript.setDeploymentConfig.3
DA:71,0
DA:72,0
DA:73,0
DA:74,0
DA:79,0
FN:79,ZeroMinDepositScript.constructor.4
FNDA:0,ZeroMinDepositScript.constructor.4
DA:80,0
DA:81,0
DA:82,0
DA:85,0
FN:85,ZeroMinDepositScript.setDeploymentConfig.4
FNDA:0,ZeroMinDepositScript.setDeploymentConfig.4
DA:86,0
DA:87,0
DA:88,0
DA:89,0
DA:94,0
FN:94,ZeroFundManagerScript.constructor.5
FNDA:0,ZeroFundManagerScript.constructor.5
DA:95,0
DA:96,0
DA:97,0
DA:98,0
DA:101,0
FN:101,ZeroFundManagerScript.setDeploymentConfig.5
FNDA:0,ZeroFundManagerScript.setDeploymentConfig.5
DA:102,0
DA:103,0
DA:104,0
DA:112,0
FN:112,BaseDeploymentScriptStub.constructor.6
FNDA:0,BaseDeploymentScriptStub.constructor.6
DA:113,0
DA:114,0
DA:115,0
DA:116,0
DA:119,0
FN:119,BaseDeploymentScriptStub.setDeploymentConfig.6
FNDA:0,BaseDeploymentScriptStub.setDeploymentConfig.6
DA:120,0
DA:123,0
DA:124,0
DA:127,0
FN:127,BaseDeploymentScriptStub.setMockAsset
FNDA:0,BaseDeploymentScriptStub.setMockAsset
DA:128,0
DA:131,0
FN:131,BaseDeploymentScriptStub.callSetDeploymentConfig
FNDA:0,BaseDeploymentScriptStub.callSetDeploymentConfig
DA:132,0
DA:135,0
FN:135,BaseDeploymentScriptStub.setOwner
FNDA:0,BaseDeploymentScriptStub.setOwner
DA:136,0
FNF:17
FNH:0
LF:69
LH:0
BRF:0
BRH:0
end_of_record
TN:
SF:test/unit/script/BaseWithSharedConfig.t.sol
DA:21,0
FN:21,BrokenAssetScript.constructor.0
FNDA:0,BrokenAssetScript.constructor.0
DA:22,0
DA:23,0
DA:24,0
DA:25,0
DA:28,0
FN:28,BrokenAssetScript.setDeploymentConfig.0
FNDA:0,BrokenAssetScript.setDeploymentConfig.0
DA:29,0
DA:30,0
DA:31,0
DA:36,0
FN:36,ZeroDepositScript.constructor.1
FNDA:0,ZeroDepositScript.constructor.1
DA:37,0
DA:38,0
DA:39,0
DA:40,0
DA:43,0
FN:43,ZeroDepositScript.setDeploymentConfig.1
FNDA:0,ZeroDepositScript.setDeploymentConfig.1
DA:44,0
DA:45,0
DA:46,0
DA:51,0
FN:51,EmptyNameScript.constructor.2
FNDA:0,EmptyNameScript.constructor.2
DA:52,0
DA:53,0
DA:54,0
DA:56,0
FN:56,EmptyNameScript.setDeploymentConfig.2
FNDA:0,EmptyNameScript.setDeploymentConfig.2
DA:57,0
DA:58,0
DA:59,0
DA:60,0
DA:65,0
FN:65,EmptySymbolScript.constructor.3
FNDA:0,EmptySymbolScript.constructor.3
DA:66,0
DA:67,0
DA:68,0
DA:69,0
DA:72,0
FN:72,EmptySymbolScript.setDeploymentConfig.3
FNDA:0,EmptySymbolScript.setDeploymentConfig.3
DA:73,0
DA:74,0
DA:75,0
DA:79,0
FN:79,ZeroMinDepositScript.constructor.4
FNDA:0,ZeroMinDepositScript.constructor.4
DA:80,0
DA:81,0
DA:82,0
DA:83,0
DA:86,0
FN:86,ZeroMinDepositScript.setDeploymentConfig.4
FNDA:0,ZeroMinDepositScript.setDeploymentConfig.4
DA:87,0
DA:88,0
DA:89,0
DA:94,0
FN:94,ZeroFundManagerScript.constructor.5
FNDA:0,ZeroFundManagerScript.constructor.5
DA:95,0
DA:96,0
DA:97,0
DA:98,0
DA:99,0
DA:102,0
FN:102,ZeroFundManagerScript.setDeploymentConfig.5
FNDA:0,ZeroFundManagerScript.setDeploymentConfig.5
DA:103,0
DA:104,0
DA:111,0
FN:111,BaseDeploymentScriptStub.constructor.6
FNDA:0,BaseDeploymentScriptStub.constructor.6
DA:112,0
DA:113,0
DA:114,0
DA:115,0
DA:116,0
DA:119,0
FN:119,BaseDeploymentScriptStub.setDeploymentConfig.6
FNDA:0,BaseDeploymentScriptStub.setDeploymentConfig.6
DA:120,0
DA:121,0
DA:124,0
FN:124,BaseDeploymentScriptStub.setMockAsset
FNDA:0,BaseDeploymentScriptStub.setMockAsset
DA:125,0
DA:128,0
FN:128,BaseDeploymentScriptStub.callSetDeploymentConfig
FNDA:0,BaseDeploymentScriptStub.callSetDeploymentConfig
DA:129,0
DA:132,0
FN:132,BaseDeploymentScriptStub.setOwner
FNDA:0,BaseDeploymentScriptStub.setOwner
DA:133,0
FNF:17
FNH:0
LF:69
LH:0
BRF:0
BRH:0
end_of_record
TN:
SF:test/unit/vault/Base.t.sol
DA:50,306
FN:50,BaseTest.setUp
FNDA:306,BaseTest.setUp
DA:51,0
DA:53,306
DA:56,306
DA:58,306
BRDA:58,0,0,-
BRDA:58,0,1,-
DA:59,0
DA:61,306
DA:67,306
DA:70,306
DA:73,306
DA:74,306
DA:76,0
DA:79,306
DA:80,306
DA:86,613
FN:86,BaseTest.approveProtocol
FNDA:613,BaseTest.approveProtocol
DA:87,613
DA:88,613
DA:89,613
DA:93,613
FN:93,BaseTest.createUser
FNDA:613,BaseTest.createUser
DA:94,613
DA:95,613
DA:96,613
DA:97,613
DA:99,613
DA:100,613
DA:101,613
DA:105,306
FN:105,BaseTest.deployDepositVault
FNDA:306,BaseTest.deployDepositVault
DA:106,306
DA:114,306
DA:115,306
DA:117,306
DA:118,306
DA:119,306
DA:141,306
DA:143,306
DA:144,306
DA:146,306
DA:148,306
DA:151,53
FN:151,BaseTest.moveAssetsFromVault
FNDA:53,BaseTest.moveAssetsFromVault
DA:152,53
DA:153,53
DA:155,53
DA:159,53
DA:161,53
DA:164,576
FN:164,BaseTest.updateUnderlyingBalance
FNDA:576,BaseTest.updateUnderlyingBalance
DA:165,576
DA:166,576
DA:167,576
DA:170,1
FN:170,BaseTest.unpauseVault
FNDA:1,BaseTest.unpauseVault
DA:171,1
DA:172,1
DA:173,1
FNF:7
FNH:7
LF:52
LH:49
BRF:2
BRH:0
end_of_record
TN:
SF:test/unit/vault/TestFlashRedeem.t.sol
DA:29,256
FN:29,SharePriceConsistencyOperator.setVault
FNDA:256,SharePriceConsistencyOperator.setVault
DA:30,256
DA:31,256
DA:34,256
FN:34,SharePriceConsistencyOperator.setExpectedValues
FNDA:256,SharePriceConsistencyOperator.setExpectedValues
DA:35,256
DA:36,256
DA:39,256
FN:39,SharePriceConsistencyOperator.onRedemptionFlashLoan
FNDA:256,SharePriceConsistencyOperator.onRedemptionFlashLoan
DA:47,256
BRDA:47,0,0,-
BRDA:47,0,1,-
DA:50,256
DA:52,256
BRDA:52,1,0,-
BRDA:52,1,1,-
DA:58,256
DA:59,256
FNF:3
FNH:3
LF:12
LH:12
BRF:4
BRH:0
end_of_record
TN:
SF:test/utils/ConfigLib.sol
DA:27,449
FN:27,ConfigLib.getConfig
FNDA:449,ConfigLib.getConfig
DA:32,449
BRDA:32,0,0,-
BRDA:32,0,1,-
DA:33,0
DA:34,449
BRDA:34,1,0,449
BRDA:34,1,1,-
DA:35,449
DA:36,0
BRDA:36,2,0,-
BRDA:36,2,1,-
DA:37,0
DA:38,0
BRDA:38,3,0,-
DA:39,0
DA:42,0
DA:46,0
FN:46,ConfigLib._bscConfig
FNDA:0,ConfigLib._bscConfig
DA:47,0
BRDA:47,4,0,-
BRDA:47,4,1,-
DA:48,0
BRDA:48,5,0,-
BRDA:48,5,1,-
DA:49,0
DA:64,0
BRDA:64,6,0,-
DA:65,0
DA:81,0
BRDA:81,7,0,-
DA:82,0
BRDA:82,8,0,-
BRDA:82,8,1,-
DA:83,0
DA:98,0
BRDA:98,9,0,-
DA:99,0
DA:117,0
DA:121,449
FN:121,ConfigLib._avalancheConfig
FNDA:449,ConfigLib._avalancheConfig
DA:122,449
BRDA:122,10,0,449
BRDA:122,10,1,-
DA:123,449
BRDA:123,11,0,449
BRDA:123,11,1,-
DA:124,449
DA:139,0
BRDA:139,12,0,-
DA:140,0
DA:156,0
BRDA:156,13,0,-
DA:157,0
BRDA:157,14,0,-
BRDA:157,14,1,-
DA:158,0
DA:173,0
BRDA:173,15,0,-
DA:174,0
DA:192,0
DA:195,0
FN:195,ConfigLib._tacConfig
FNDA:0,ConfigLib._tacConfig
DA:196,0
BRDA:196,16,0,-
DA:197,0
BRDA:197,17,0,-
DA:198,0
DA:216,0
DA:220,0
FN:220,ConfigLib._ethereumConfig
FNDA:0,ConfigLib._ethereumConfig
DA:221,0
BRDA:221,18,0,-
BRDA:221,18,1,-
DA:222,0
BRDA:222,19,0,-
BRDA:222,19,1,-
DA:223,0
DA:238,0
BRDA:238,20,0,-
DA:239,0
DA:255,0
BRDA:255,21,0,-
DA:256,0
BRDA:256,22,0,-
BRDA:256,22,1,-
DA:257,0
DA:272,0
BRDA:272,23,0,-
DA:273,0
DA:291,0
FNF:5
FNH:2
LF:51
LH:8
BRF:36
BRH:3
end_of_record
TN:
SF:test/utils/Utils.sol
DA:8,960
FN:8,Utils.resetPrank
FNDA:960,Utils.resetPrank
DA:9,960
DA:10,960
FNF:1
FNH:1
LF:3
LH:3
BRF:0
BRH:0
end_of_record
